[debug] [2025-03-18T18:26:55.575Z] ----------------------------------------------------------------------
[debug] [2025-03-18T18:26:55.579Z] Command:       C:\Program Files\nodejs\node.exe C:\Users\imaya\AppData\Roaming\npm\node_modules\firebase-tools\lib\bin\firebase.js init
[debug] [2025-03-18T18:26:55.580Z] CLI Version:   13.34.0
[debug] [2025-03-18T18:26:55.580Z] Platform:      win32
[debug] [2025-03-18T18:26:55.580Z] Node Version:  v23.2.0
[debug] [2025-03-18T18:26:55.580Z] Time:          Tue Mar 18 2025 23:56:55 GMT+0530 (India Standard Time)
[debug] [2025-03-18T18:26:55.581Z] ----------------------------------------------------------------------
[debug] 
[debug] [2025-03-18T18:26:55.585Z] >>> [apiv2][query] GET https://firebase-public.firebaseio.com/cli.json [none]
[debug] [2025-03-18T18:26:55.815Z] > command requires scopes: ["email","openid","https://www.googleapis.com/auth/cloudplatformprojects.readonly","https://www.googleapis.com/auth/firebase","https://www.googleapis.com/auth/cloud-platform"]
[debug] [2025-03-18T18:26:55.815Z] > authorizing via signed-in user (imayamaniimaya@gmail.com)
[info] 
     ######## #### ########  ######## ########     ###     ######  ########
     ##        ##  ##     ## ##       ##     ##  ##   ##  ##       ##
     ######    ##  ########  ######   ########  #########  ######  ######
     ##        ##  ##    ##  ##       ##     ## ##     ##       ## ##
     ##       #### ##     ## ######## ########  ##     ##  ######  ########

You're about to initialize a Firebase project in this directory:

  E:\AI-Travell-Planner-main - Copy\AI-Travell-Planner-main

Before we get started, keep in mind:

  * You are initializing within an existing Firebase project directory

[info] 
=== Project Setup
[info] 
[info] First, let's associate this project directory with a Firebase project.
[info] You can create multiple project aliases by running firebase use --add, 
[info] but for now we'll just set up a default project.
[info] 
[debug] [2025-03-18T18:27:41.785Z] Using project from CLI flag: tourista-c4f6b
[debug] [2025-03-18T18:27:41.786Z] Checked if tokens are valid: false, expires at: 1741849431977
[debug] [2025-03-18T18:27:41.786Z] Checked if tokens are valid: false, expires at: 1741849431977
[debug] [2025-03-18T18:27:41.787Z] > refreshing access token with scopes: []
[debug] [2025-03-18T18:27:41.787Z] >>> [apiv2][query] POST https://www.googleapis.com/oauth2/v3/token [none]
[debug] [2025-03-18T18:27:41.788Z] >>> [apiv2][body] POST https://www.googleapis.com/oauth2/v3/token [omitted]
